[0m07:15:53.544698 [debug] [MainThread]: Sending event: {'category': 'dbt', 'action': 'invocation', 'label': 'start', 'context': [<snowplow_tracker.self_describing_json.SelfDescribingJson object at 0x103a70d30>, <snowplow_tracker.self_describing_json.SelfDescribingJson object at 0x104753070>, <snowplow_tracker.self_describing_json.SelfDescribingJson object at 0x104752950>]}


============================== 07:15:53.547470 | 879ba533-9697-4e16-b659-a077f21e04c2 ==============================
[0m07:15:53.547470 [info ] [MainThread]: Running with dbt=1.9.1
[0m07:15:53.547860 [debug] [MainThread]: running dbt with arguments {'printer_width': '80', 'indirect_selection': 'eager', 'log_cache_events': 'False', 'write_json': 'True', 'partial_parse': 'True', 'cache_selected_only': 'False', 'profiles_dir': '/Users/melissaguzman/.dbt', 'fail_fast': 'False', 'debug': 'False', 'log_path': 'logs', 'version_check': 'True', 'warn_error': 'None', 'use_colors': 'True', 'use_experimental_parser': 'False', 'no_print': 'None', 'quiet': 'False', 'empty': 'None', 'warn_error_options': 'WarnErrorOptions(include=[], exclude=[])', 'invocation_command': 'dbt init hrrp_dbt', 'log_format': 'default', 'introspect': 'True', 'target_path': 'None', 'static_parser': 'True', 'send_anonymous_usage_stats': 'True'}
[0m07:15:53.555512 [debug] [MainThread]: Starter project path: /Users/melissaguzman/cybergirl/healthcare_readmission_pipeline/venv/lib/python3.10/site-packages/dbt/include/starter_project
[0m07:15:53.559524 [info ] [MainThread]: 
Your new dbt project "hrrp_dbt" was created!

For more information on how to configure the profiles.yml file,
please consult the dbt documentation here:

  https://docs.getdbt.com/docs/configure-your-profile

One more thing:

Need help? Don't hesitate to reach out to us via GitHub issues or on Slack:

  https://community.getdbt.com/

Happy modeling!

[0m07:15:53.559869 [info ] [MainThread]: Setting up your profile.
[0m07:16:00.420811 [debug] [MainThread]: Resource report: {"command_name": "init", "command_success": true, "command_wall_clock_time": 6.928301, "process_in_blocks": "0", "process_kernel_time": 0.10761, "process_mem_max_rss": "96059392", "process_out_blocks": "0", "process_user_time": 0.775537}
[0m07:16:00.422010 [debug] [MainThread]: Command `dbt init` succeeded at 07:16:00.421875 after 6.93 seconds
[0m07:16:00.422644 [debug] [MainThread]: Sending event: {'category': 'dbt', 'action': 'invocation', 'label': 'end', 'context': [<snowplow_tracker.self_describing_json.SelfDescribingJson object at 0x103a70d30>, <snowplow_tracker.self_describing_json.SelfDescribingJson object at 0x104752d70>, <snowplow_tracker.self_describing_json.SelfDescribingJson object at 0x1047534f0>]}
[0m07:16:00.423148 [debug] [MainThread]: Flushing usage events
[0m07:16:01.077732 [debug] [MainThread]: An error was encountered while trying to flush usage events
[0m15:57:22.727650 [debug] [MainThread]: Sending event: {'category': 'dbt', 'action': 'invocation', 'label': 'start', 'context': [<snowplow_tracker.self_describing_json.SelfDescribingJson object at 0x107878d30>, <snowplow_tracker.self_describing_json.SelfDescribingJson object at 0x1085a3070>, <snowplow_tracker.self_describing_json.SelfDescribingJson object at 0x1085a2950>]}


============================== 15:57:22.731151 | 0fc31c62-d9fd-4c16-994f-6e8c42a25af7 ==============================
[0m15:57:22.731151 [info ] [MainThread]: Running with dbt=1.9.1
[0m15:57:22.731566 [debug] [MainThread]: running dbt with arguments {'printer_width': '80', 'indirect_selection': 'eager', 'log_cache_events': 'False', 'write_json': 'True', 'partial_parse': 'True', 'cache_selected_only': 'False', 'profiles_dir': '/Users/melissaguzman/.dbt', 'debug': 'False', 'fail_fast': 'False', 'log_path': 'logs', 'version_check': 'True', 'warn_error': 'None', 'use_colors': 'True', 'use_experimental_parser': 'False', 'no_print': 'None', 'quiet': 'False', 'empty': 'None', 'warn_error_options': 'WarnErrorOptions(include=[], exclude=[])', 'introspect': 'True', 'invocation_command': 'dbt clean', 'static_parser': 'True', 'target_path': 'None', 'log_format': 'default', 'send_anonymous_usage_stats': 'True'}
[0m15:57:22.732097 [error] [MainThread]: Encountered an error:
Runtime Error
  No dbt_project.yml found at expected path /Users/melissaguzman/cybergirl/healthcare_readmission_pipeline/dags/dbt_project.yml
  Verify that each entry within packages.yml (and their transitive dependencies) contains a file named dbt_project.yml
  
[0m15:57:22.732921 [debug] [MainThread]: Resource report: {"command_name": "clean", "command_success": false, "command_wall_clock_time": 0.0434205, "process_in_blocks": "0", "process_kernel_time": 0.068972, "process_mem_max_rss": "96321536", "process_out_blocks": "0", "process_user_time": 0.682112}
[0m15:57:22.733216 [debug] [MainThread]: Command `dbt clean` failed at 15:57:22.733163 after 0.04 seconds
[0m15:57:22.733457 [debug] [MainThread]: Sending event: {'category': 'dbt', 'action': 'invocation', 'label': 'end', 'context': [<snowplow_tracker.self_describing_json.SelfDescribingJson object at 0x107878d30>, <snowplow_tracker.self_describing_json.SelfDescribingJson object at 0x1085a3970>, <snowplow_tracker.self_describing_json.SelfDescribingJson object at 0x1085a3940>]}
[0m15:57:22.733683 [debug] [MainThread]: Flushing usage events
[0m15:57:23.070670 [debug] [MainThread]: An error was encountered while trying to flush usage events
